  myc05.c
D:\Study\HelloCLangAdvanced20230223\HelloCLangAdvanced20230223\myc05.c(7,2): warning C4013: 'gets'이(가) 정의되지 않았습니다. extern은 int형을 반환하는 것으로 간주합니다.
D:\Study\HelloCLangAdvanced20230223\HelloCLangAdvanced20230223\myc05.c(11,21): warning C4047: '!=': 'int'의 간접 참조 수준이 'void *'과(와) 다릅니다.
D:\Study\HelloCLangAdvanced20230223\HelloCLangAdvanced20230223\myc05.c(12,14): warning C4047: '=': 'char'의 간접 참조 수준이 'void *'과(와) 다릅니다.
D:\Study\HelloCLangAdvanced20230223\HelloCLangAdvanced20230223\myc05.c(16,26): warning C4047: '!=': 'int'의 간접 참조 수준이 'void *'과(와) 다릅니다.
D:\Study\HelloCLangAdvanced20230223\HelloCLangAdvanced20230223\myc05.c(28,21): warning C4047: '!=': 'int'의 간접 참조 수준이 'void *'과(와) 다릅니다.
D:\Study\HelloCLangAdvanced20230223\HelloCLangAdvanced20230223\myc05.c(29,14): warning C4047: '=': 'char'의 간접 참조 수준이 'void *'과(와) 다릅니다.
D:\Study\HelloCLangAdvanced20230223\HelloCLangAdvanced20230223\myc05.c(34,15): warning C4267: '=': 'size_t'에서 'int'(으)로 변환하면서 데이터가 손실될 수 있습니다.
D:\Study\HelloCLangAdvanced20230223\HelloCLangAdvanced20230223\myc05.c(35,26): warning C4047: '!=': 'int'의 간접 참조 수준이 'void *'과(와) 다릅니다.
D:\Study\HelloCLangAdvanced20230223\HelloCLangAdvanced20230223\myc05.c(41,21): warning C4047: '!=': 'int'의 간접 참조 수준이 'void *'과(와) 다릅니다.
D:\Study\HelloCLangAdvanced20230223\HelloCLangAdvanced20230223\myc05.c(43,14): warning C4047: '=': 'char'의 간접 참조 수준이 'void *'과(와) 다릅니다.
D:\Study\HelloCLangAdvanced20230223\HelloCLangAdvanced20230223\myc05.c(44,16): warning C4047: '=': 'char'의 간접 참조 수준이 'void *'과(와) 다릅니다.
D:\Study\HelloCLangAdvanced20230223\HelloCLangAdvanced20230223\myc05.c(48,16): warning C4267: '=': 'size_t'에서 'int'(으)로 변환하면서 데이터가 손실될 수 있습니다.
D:\Study\HelloCLangAdvanced20230223\HelloCLangAdvanced20230223\myc05.c(51,26): warning C4047: '!=': 'int'의 간접 참조 수준이 'void *'과(와) 다릅니다.
D:\Study\HelloCLangAdvanced20230223\HelloCLangAdvanced20230223\myc05.c(64,25): warning C4047: '!=': 'int'의 간접 참조 수준이 'void *'과(와) 다릅니다.
D:\Study\HelloCLangAdvanced20230223\HelloCLangAdvanced20230223\myc05.c(67,26): warning C4047: '!=': 'int'의 간접 참조 수준이 'void *'과(와) 다릅니다.
D:\Study\HelloCLangAdvanced20230223\HelloCLangAdvanced20230223\myc05.c(77,37): warning C4047: '!=': 'int'의 간접 참조 수준이 'void *'과(와) 다릅니다.
D:\Study\HelloCLangAdvanced20230223\HelloCLangAdvanced20230223\myc05.c(93,21): warning C4047: '!=': 'int'의 간접 참조 수준이 'void *'과(와) 다릅니다.
D:\Study\HelloCLangAdvanced20230223\HelloCLangAdvanced20230223\myc05.c(95,14): warning C4047: '=': 'char'의 간접 참조 수준이 'void *'과(와) 다릅니다.
D:\Study\HelloCLangAdvanced20230223\HelloCLangAdvanced20230223\myc05.c(96,16): warning C4047: '=': 'char'의 간접 참조 수준이 'void *'과(와) 다릅니다.
D:\Study\HelloCLangAdvanced20230223\HelloCLangAdvanced20230223\myc05.c(100,26): warning C4047: '!=': 'int'의 간접 참조 수준이 'void *'과(와) 다릅니다.
D:\Study\HelloCLangAdvanced20230223\HelloCLangAdvanced20230223\myc05.c(104,9): warning C4477: 'printf' : 서식 문자열 '%d'에 'int' 형식의 인수가 필요하지만 variadic 인수 1의 형식이 'size_t'입니다.
D:\Study\HelloCLangAdvanced20230223\HelloCLangAdvanced20230223\myc05.c(104,9): message : 서식 문자열에서 '%zd'을(를) 사용하는 것이 좋습니다.
D:\Study\HelloCLangAdvanced20230223\HelloCLangAdvanced20230223\myc05.c(104,9): warning C4477: 'printf' : 서식 문자열 '%d'에 'int' 형식의 인수가 필요하지만 variadic 인수 2의 형식이 'size_t'입니다.
D:\Study\HelloCLangAdvanced20230223\HelloCLangAdvanced20230223\myc05.c(104,9): message : 서식 문자열에서 '%zd'을(를) 사용하는 것이 좋습니다.
D:\Study\HelloCLangAdvanced20230223\HelloCLangAdvanced20230223\myc05.c(8,10): warning C4267: '초기화 중': 'size_t'에서 'int'(으)로 변환하면서 데이터가 손실될 수 있습니다.
  HelloCLangAdvanced20230223.vcxproj -> D:\Study\HelloCLangAdvanced20230223\x64\Debug\HelloCLangAdvanced20230223.exe
